<?xml version="1.0" encoding="UTF-8"?>
<testng-results ignored="0" total="1" passed="1" failed="0" skipped="0">
  <reporter-output>
  </reporter-output>
  <suite started-at="2022-05-31T15:47:50 IST" name="Default suite" finished-at="2022-05-31T15:47:57 IST" duration-ms="7127">
    <groups>
    </groups>
    <test started-at="2022-05-31T15:47:50 IST" name="Default test" finished-at="2022-05-31T15:47:57 IST" duration-ms="7127">
      <class name="com.SauceDemo.TestClasses.SampleClass1">
        <test-method signature="verifyTitle()[pri:0, instance:com.SauceDemo.TestClasses.SampleClass1@2bfc268b]" started-at="2022-05-31T15:47:50 IST" name="verifyTitle" finished-at="2022-05-31T15:47:57 IST" duration-ms="6976" status="PASS">
          <reporter-output>
          </reporter-output>
        </test-method> <!-- verifyTitle -->
      </class> <!-- com.SauceDemo.TestClasses.SampleClass1 -->
    </test> <!-- Default test -->
  </suite> <!-- Default suite -->
</testng-results>
